[debug] [2025-08-09T11:15:40.699Z] ----------------------------------------------------------------------
[debug] [2025-08-09T11:15:40.701Z] Command:       C:\Program Files\nodejs\node.exe C:\Users\TimFr\AppData\Roaming\npm\node_modules\firebase-tools\lib\bin\firebase.js deploy --only functions
[debug] [2025-08-09T11:15:40.702Z] CLI Version:   14.10.1
[debug] [2025-08-09T11:15:40.702Z] Platform:      win32
[debug] [2025-08-09T11:15:40.702Z] Node Version:  v22.16.0
[debug] [2025-08-09T11:15:40.702Z] Time:          Sat Aug 09 2025 13:15:40 GMT+0200 (Mitteleuropäische Sommerzeit)
[debug] [2025-08-09T11:15:40.703Z] ----------------------------------------------------------------------
[debug] 
[debug] [2025-08-09T11:15:40.883Z] > command requires scopes: ["email","openid","https://www.googleapis.com/auth/cloudplatformprojects.readonly","https://www.googleapis.com/auth/firebase","https://www.googleapis.com/auth/cloud-platform"]
[debug] [2025-08-09T11:15:40.883Z] > authorizing via signed-in user (spark.scale01@gmail.com)
[debug] [2025-08-09T11:15:40.883Z] [iam] checking project spark-scale-website for permissions ["cloudfunctions.functions.create","cloudfunctions.functions.delete","cloudfunctions.functions.get","cloudfunctions.functions.list","cloudfunctions.functions.update","cloudfunctions.operations.get","firebase.projects.get"]
[debug] [2025-08-09T11:15:40.884Z] Checked if tokens are valid: true, expires at: 1754741203921
[debug] [2025-08-09T11:15:40.885Z] Checked if tokens are valid: true, expires at: 1754741203921
[debug] [2025-08-09T11:15:40.885Z] >>> [apiv2][query] POST https://cloudresourcemanager.googleapis.com/v1/projects/spark-scale-website:testIamPermissions [none]
[debug] [2025-08-09T11:15:40.885Z] >>> [apiv2][(partial)header] POST https://cloudresourcemanager.googleapis.com/v1/projects/spark-scale-website:testIamPermissions x-goog-quota-user=projects/spark-scale-website
[debug] [2025-08-09T11:15:40.885Z] >>> [apiv2][body] POST https://cloudresourcemanager.googleapis.com/v1/projects/spark-scale-website:testIamPermissions {"permissions":["cloudfunctions.functions.create","cloudfunctions.functions.delete","cloudfunctions.functions.get","cloudfunctions.functions.list","cloudfunctions.functions.update","cloudfunctions.operations.get","firebase.projects.get"]}
[debug] [2025-08-09T11:15:42.540Z] <<< [apiv2][status] POST https://cloudresourcemanager.googleapis.com/v1/projects/spark-scale-website:testIamPermissions 200
[debug] [2025-08-09T11:15:42.540Z] <<< [apiv2][body] POST https://cloudresourcemanager.googleapis.com/v1/projects/spark-scale-website:testIamPermissions {"permissions":["cloudfunctions.functions.create","cloudfunctions.functions.delete","cloudfunctions.functions.get","cloudfunctions.functions.list","cloudfunctions.functions.update","cloudfunctions.operations.get","firebase.projects.get"]}
[debug] [2025-08-09T11:15:42.540Z] Checked if tokens are valid: true, expires at: 1754741203921
[debug] [2025-08-09T11:15:42.540Z] Checked if tokens are valid: true, expires at: 1754741203921
[debug] [2025-08-09T11:15:42.540Z] >>> [apiv2][query] POST https://iam.googleapis.com/v1/projects/spark-scale-website/serviceAccounts/spark-scale-website@appspot.gserviceaccount.com:testIamPermissions [none]
[debug] [2025-08-09T11:15:42.541Z] >>> [apiv2][body] POST https://iam.googleapis.com/v1/projects/spark-scale-website/serviceAccounts/spark-scale-website@appspot.gserviceaccount.com:testIamPermissions {"permissions":["iam.serviceAccounts.actAs"]}
[debug] [2025-08-09T11:15:43.479Z] <<< [apiv2][status] POST https://iam.googleapis.com/v1/projects/spark-scale-website/serviceAccounts/spark-scale-website@appspot.gserviceaccount.com:testIamPermissions 200
[debug] [2025-08-09T11:15:43.480Z] <<< [apiv2][body] POST https://iam.googleapis.com/v1/projects/spark-scale-website/serviceAccounts/spark-scale-website@appspot.gserviceaccount.com:testIamPermissions {"permissions":["iam.serviceAccounts.actAs"]}
[info] 
[info] === Deploying to 'spark-scale-website'...
[info] 
[info] i  deploying functions 
[debug] [2025-08-09T11:15:43.484Z] Checked if tokens are valid: true, expires at: 1754741203921
[debug] [2025-08-09T11:15:43.484Z] Checked if tokens are valid: true, expires at: 1754741203921
[debug] [2025-08-09T11:15:43.484Z] >>> [apiv2][query] GET https://cloudresourcemanager.googleapis.com/v1/projects/spark-scale-website [none]
[debug] [2025-08-09T11:15:43.769Z] <<< [apiv2][status] GET https://cloudresourcemanager.googleapis.com/v1/projects/spark-scale-website 200
[debug] [2025-08-09T11:15:43.769Z] <<< [apiv2][body] GET https://cloudresourcemanager.googleapis.com/v1/projects/spark-scale-website {"projectNumber":"748897099472","projectId":"spark-scale-website","lifecycleState":"ACTIVE","name":"spark-scale-website","labels":{"firebase":"enabled","firebase-core":"disabled"},"createTime":"2025-07-16T19:23:33.881487Z"}
[info] i  functions: preparing codebase default for deployment 
[info] i  functions: ensuring required API cloudfunctions.googleapis.com is enabled... 
[info] i  functions: ensuring required API cloudbuild.googleapis.com is enabled... 
[debug] [2025-08-09T11:15:43.774Z] Checked if tokens are valid: true, expires at: 1754741203921
[debug] [2025-08-09T11:15:43.774Z] Checked if tokens are valid: true, expires at: 1754741203921
[info] i  artifactregistry: ensuring required API artifactregistry.googleapis.com is enabled... 
[debug] [2025-08-09T11:15:43.775Z] Checked if tokens are valid: true, expires at: 1754741203921
[debug] [2025-08-09T11:15:43.775Z] Checked if tokens are valid: true, expires at: 1754741203921
[debug] [2025-08-09T11:15:43.775Z] >>> [apiv2][query] GET https://serviceusage.googleapis.com/v1/projects/spark-scale-website/services/cloudbuild.googleapis.com [none]
[debug] [2025-08-09T11:15:43.775Z] >>> [apiv2][(partial)header] GET https://serviceusage.googleapis.com/v1/projects/spark-scale-website/services/cloudbuild.googleapis.com x-goog-quota-user=projects/spark-scale-website
[debug] [2025-08-09T11:15:43.778Z] >>> [apiv2][query] GET https://serviceusage.googleapis.com/v1/projects/spark-scale-website/services/artifactregistry.googleapis.com [none]
[debug] [2025-08-09T11:15:43.778Z] >>> [apiv2][(partial)header] GET https://serviceusage.googleapis.com/v1/projects/spark-scale-website/services/artifactregistry.googleapis.com x-goog-quota-user=projects/spark-scale-website
[debug] [2025-08-09T11:15:45.160Z] <<< [apiv2][status] GET https://serviceusage.googleapis.com/v1/projects/spark-scale-website/services/artifactregistry.googleapis.com 200
[debug] [2025-08-09T11:15:45.160Z] <<< [apiv2][body] GET https://serviceusage.googleapis.com/v1/projects/spark-scale-website/services/artifactregistry.googleapis.com [omitted]
[warn] !  artifactregistry: missing required API artifactregistry.googleapis.com. Enabling now... 
[debug] [2025-08-09T11:15:45.160Z] Checked if tokens are valid: true, expires at: 1754741203921
[debug] [2025-08-09T11:15:45.161Z] Checked if tokens are valid: true, expires at: 1754741203921
[debug] [2025-08-09T11:15:45.161Z] >>> [apiv2][query] POST https://serviceusage.googleapis.com/v1/projects/spark-scale-website/services/artifactregistry.googleapis.com:enable [none]
[debug] [2025-08-09T11:15:45.161Z] >>> [apiv2][(partial)header] POST https://serviceusage.googleapis.com/v1/projects/spark-scale-website/services/artifactregistry.googleapis.com:enable x-goog-quota-user=projects/spark-scale-website
[debug] [2025-08-09T11:15:45.234Z] <<< [apiv2][status] GET https://serviceusage.googleapis.com/v1/projects/spark-scale-website/services/cloudbuild.googleapis.com 200
[debug] [2025-08-09T11:15:45.234Z] <<< [apiv2][body] GET https://serviceusage.googleapis.com/v1/projects/spark-scale-website/services/cloudbuild.googleapis.com [omitted]
[warn] !  functions: missing required API cloudbuild.googleapis.com. Enabling now... 
[debug] [2025-08-09T11:15:45.234Z] Checked if tokens are valid: true, expires at: 1754741203921
[debug] [2025-08-09T11:15:45.235Z] Checked if tokens are valid: true, expires at: 1754741203921
[debug] [2025-08-09T11:15:45.235Z] >>> [apiv2][query] POST https://serviceusage.googleapis.com/v1/projects/spark-scale-website/services/cloudbuild.googleapis.com:enable [none]
[debug] [2025-08-09T11:15:45.235Z] >>> [apiv2][(partial)header] POST https://serviceusage.googleapis.com/v1/projects/spark-scale-website/services/cloudbuild.googleapis.com:enable x-goog-quota-user=projects/spark-scale-website
[debug] [2025-08-09T11:15:46.510Z] <<< [apiv2][status] POST https://serviceusage.googleapis.com/v1/projects/spark-scale-website/services/cloudbuild.googleapis.com:enable 200
[debug] [2025-08-09T11:15:46.510Z] <<< [apiv2][body] POST https://serviceusage.googleapis.com/v1/projects/spark-scale-website/services/cloudbuild.googleapis.com:enable [omitted]
[debug] [2025-08-09T11:15:46.539Z] <<< [apiv2][status] POST https://serviceusage.googleapis.com/v1/projects/spark-scale-website/services/artifactregistry.googleapis.com:enable 200
[debug] [2025-08-09T11:15:46.540Z] <<< [apiv2][body] POST https://serviceusage.googleapis.com/v1/projects/spark-scale-website/services/artifactregistry.googleapis.com:enable [omitted]
[debug] [2025-08-09T11:15:56.557Z] Checked if tokens are valid: true, expires at: 1754741203921
[debug] [2025-08-09T11:15:56.557Z] Checked if tokens are valid: true, expires at: 1754741203921
[debug] [2025-08-09T11:15:56.557Z] >>> [apiv2][query] GET https://firebase.googleapis.com/v1beta1/projects/spark-scale-website/adminSdkConfig [none]
[debug] [2025-08-09T11:15:57.111Z] <<< [apiv2][status] GET https://firebase.googleapis.com/v1beta1/projects/spark-scale-website/adminSdkConfig 200
[debug] [2025-08-09T11:15:57.111Z] <<< [apiv2][body] GET https://firebase.googleapis.com/v1beta1/projects/spark-scale-website/adminSdkConfig {"projectId":"spark-scale-website","storageBucket":"spark-scale-website.firebasestorage.app"}
[debug] [2025-08-09T11:15:57.112Z] Checked if tokens are valid: true, expires at: 1754741203921
[debug] [2025-08-09T11:15:57.112Z] Checked if tokens are valid: true, expires at: 1754741203921
[debug] [2025-08-09T11:15:57.112Z] >>> [apiv2][query] GET https://runtimeconfig.googleapis.com/v1beta1/projects/spark-scale-website/configs [none]
[debug] [2025-08-09T11:15:57.769Z] <<< [apiv2][status] GET https://runtimeconfig.googleapis.com/v1beta1/projects/spark-scale-website/configs 200
[debug] [2025-08-09T11:15:57.769Z] <<< [apiv2][body] GET https://runtimeconfig.googleapis.com/v1beta1/projects/spark-scale-website/configs {"configs":[{"name":"projects/spark-scale-website/configs/gmail"}]}
[debug] [2025-08-09T11:15:57.770Z] Checked if tokens are valid: true, expires at: 1754741203921
[debug] [2025-08-09T11:15:57.770Z] Checked if tokens are valid: true, expires at: 1754741203921
[debug] [2025-08-09T11:15:57.770Z] >>> [apiv2][query] GET https://runtimeconfig.googleapis.com/v1beta1/projects/spark-scale-website/configs/gmail/variables [none]
[debug] [2025-08-09T11:15:58.069Z] <<< [apiv2][status] GET https://runtimeconfig.googleapis.com/v1beta1/projects/spark-scale-website/configs/gmail/variables 200
[debug] [2025-08-09T11:15:58.070Z] <<< [apiv2][body] GET https://runtimeconfig.googleapis.com/v1beta1/projects/spark-scale-website/configs/gmail/variables {"variables":[{"name":"projects/spark-scale-website/configs/gmail/variables/app_password","updateTime":"2025-08-09T11:07:16.279094643Z"},{"name":"projects/spark-scale-website/configs/gmail/variables/user","updateTime":"2025-08-09T11:07:15.308742094Z"}]}
[debug] [2025-08-09T11:15:58.071Z] Checked if tokens are valid: true, expires at: 1754741203921
[debug] [2025-08-09T11:15:58.071Z] Checked if tokens are valid: true, expires at: 1754741203921
[debug] [2025-08-09T11:15:58.072Z] Checked if tokens are valid: true, expires at: 1754741203921
[debug] [2025-08-09T11:15:58.072Z] Checked if tokens are valid: true, expires at: 1754741203921
[debug] [2025-08-09T11:15:58.072Z] >>> [apiv2][query] GET https://runtimeconfig.googleapis.com/v1beta1/projects/spark-scale-website/configs/gmail/variables/app_password [none]
[debug] [2025-08-09T11:15:58.073Z] >>> [apiv2][query] GET https://runtimeconfig.googleapis.com/v1beta1/projects/spark-scale-website/configs/gmail/variables/user [none]
[debug] [2025-08-09T11:15:58.429Z] <<< [apiv2][status] GET https://runtimeconfig.googleapis.com/v1beta1/projects/spark-scale-website/configs/gmail/variables/app_password 200
[debug] [2025-08-09T11:15:58.429Z] <<< [apiv2][body] GET https://runtimeconfig.googleapis.com/v1beta1/projects/spark-scale-website/configs/gmail/variables/app_password {"name":"projects/spark-scale-website/configs/gmail/variables/app_password","updateTime":"2025-08-09T11:07:16.279094643Z","text":"fxdx tiim lcxl dyug"}
[debug] [2025-08-09T11:15:59.518Z] <<< [apiv2][status] GET https://runtimeconfig.googleapis.com/v1beta1/projects/spark-scale-website/configs/gmail/variables/user 200
[debug] [2025-08-09T11:15:59.519Z] <<< [apiv2][body] GET https://runtimeconfig.googleapis.com/v1beta1/projects/spark-scale-website/configs/gmail/variables/user {"name":"projects/spark-scale-website/configs/gmail/variables/user","updateTime":"2025-08-09T11:07:15.308742094Z","text":"spark.scale01@gmail.com"}
[debug] [2025-08-09T11:15:59.520Z] Validating nodejs source
[warn] !  functions: Runtime Node.js 18 was deprecated on 2025-04-30 and will be decommissioned on 2025-10-30, after which you will not be able to deploy without upgrading. Consider upgrading now to avoid disruption. See https://cloud.google.com/functions/docs/runtime-support for full details on the lifecycle policy 
[warn] !  functions: package.json indicates an outdated version of firebase-functions. Please upgrade using npm install --save firebase-functions@latest in your functions directory. 
[warn] !  functions: Please note that there will be breaking changes when you upgrade. 
[debug] [2025-08-09T11:16:00.743Z] > [functions] package.json contents: {
  "name": "functions",
  "private": true,
  "engines": {
    "node": "18"
  },
  "scripts": {
    "build": "echo 'JS functions: nothing to build'",
    "deploy": "firebase deploy --only functions"
  },
  "main": "index.js",
  "dependencies": {
    "firebase-admin": "^12.5.0",
    "firebase-functions": "^4.7.0",
    "nodemailer": "^6.9.13"
  }
}
[debug] [2025-08-09T11:16:00.743Z] Building nodejs source
[info] i  functions: Loading and analyzing source code for codebase default to determine what to deploy 
[info] i  functions: You are using a version of firebase-functions SDK (4.9.0) that does not have support for the newest Firebase Extensions features. Please update firebase-functions SDK to >=5.1.0 to use them correctly 
[debug] [2025-08-09T11:16:00.745Z] Could not find functions.yaml. Must use http discovery
[debug] [2025-08-09T11:16:00.752Z] Found firebase-functions binary at 'C:\Users\TimFr\Desktop\SparkScale\Website\sparkscale-website\functions\node_modules\.bin\firebase-functions'
[info] Serving at port 8195

[info] Gmail config check: { hasUser: true, hasPass: true, user: 'spark***' }

[debug] [2025-08-09T11:16:01.431Z] Got response from /__/functions.yaml {"endpoints":{"notifyOnNewCustomer":{"platform":"gcfv1","availableMemoryMb":null,"timeoutSeconds":null,"minInstances":null,"maxInstances":null,"ingressSettings":null,"serviceAccountEmail":null,"vpc":null,"eventTrigger":{"eventType":"providers/cloud.firestore/eventTypes/document.create","eventFilters":{"resource":"projects/spark-scale-website/databases/(default)/documents/customers/{customerId}"},"retry":false},"labels":{},"entryPoint":"notifyOnNewCustomer"}},"specVersion":"v1alpha1","requiredAPIs":[]}
[info] i  functions: preparing functions directory for uploading... 
[info] i  functions: packaged C:\Users\TimFr\Desktop\SparkScale\Website\sparkscale-website\functions (30.81 KB) for uploading 
[debug] [2025-08-09T11:16:05.501Z] Checked if tokens are valid: true, expires at: 1754741203921
[debug] [2025-08-09T11:16:05.501Z] Checked if tokens are valid: true, expires at: 1754741203921
[debug] [2025-08-09T11:16:05.501Z] >>> [apiv2][query] GET https://cloudfunctions.googleapis.com/v1/projects/spark-scale-website/locations/-/functions [none]
[debug] [2025-08-09T11:16:06.389Z] <<< [apiv2][status] GET https://cloudfunctions.googleapis.com/v1/projects/spark-scale-website/locations/-/functions 200
[debug] [2025-08-09T11:16:06.389Z] <<< [apiv2][body] GET https://cloudfunctions.googleapis.com/v1/projects/spark-scale-website/locations/-/functions {}
[debug] [2025-08-09T11:16:06.390Z] Checked if tokens are valid: true, expires at: 1754741203921
[debug] [2025-08-09T11:16:06.390Z] Checked if tokens are valid: true, expires at: 1754741203921
[debug] [2025-08-09T11:16:06.390Z] >>> [apiv2][query] GET https://cloudfunctions.googleapis.com/v2/projects/spark-scale-website/locations/-/functions filter=environment%3D%22GEN_2%22
[debug] [2025-08-09T11:16:07.509Z] <<< [apiv2][status] GET https://cloudfunctions.googleapis.com/v2/projects/spark-scale-website/locations/-/functions 200
[debug] [2025-08-09T11:16:07.509Z] <<< [apiv2][body] GET https://cloudfunctions.googleapis.com/v2/projects/spark-scale-website/locations/-/functions {}
[debug] [2025-08-09T11:16:07.514Z] Checked if tokens are valid: true, expires at: 1754741203921
[debug] [2025-08-09T11:16:07.514Z] Checked if tokens are valid: true, expires at: 1754741203921
[debug] [2025-08-09T11:16:07.514Z] >>> [apiv2][query] GET https://cloudresourcemanager.googleapis.com/v1/projects/spark-scale-website [none]
[debug] [2025-08-09T11:16:08.492Z] <<< [apiv2][status] GET https://cloudresourcemanager.googleapis.com/v1/projects/spark-scale-website 200
[debug] [2025-08-09T11:16:08.492Z] <<< [apiv2][body] GET https://cloudresourcemanager.googleapis.com/v1/projects/spark-scale-website {"projectNumber":"748897099472","projectId":"spark-scale-website","lifecycleState":"ACTIVE","name":"spark-scale-website","labels":{"firebase":"enabled","firebase-core":"disabled"},"createTime":"2025-07-16T19:23:33.881487Z"}
[debug] [2025-08-09T11:16:08.493Z] Checked if tokens are valid: true, expires at: 1754741203921
[debug] [2025-08-09T11:16:08.493Z] Checked if tokens are valid: true, expires at: 1754741203921
[debug] [2025-08-09T11:16:08.494Z] >>> [apiv2][query] POST https://cloudfunctions.googleapis.com/v1/projects/spark-scale-website/locations/us-central1/functions:generateUploadUrl [none]
[debug] [2025-08-09T11:16:08.494Z] >>> [apiv2][body] POST https://cloudfunctions.googleapis.com/v1/projects/spark-scale-website/locations/us-central1/functions:generateUploadUrl {}
[debug] [2025-08-09T11:16:18.880Z] <<< [apiv2][status] POST https://cloudfunctions.googleapis.com/v1/projects/spark-scale-website/locations/us-central1/functions:generateUploadUrl 200
[debug] [2025-08-09T11:16:18.880Z] <<< [apiv2][body] POST https://cloudfunctions.googleapis.com/v1/projects/spark-scale-website/locations/us-central1/functions:generateUploadUrl {"uploadUrl":"https://storage.googleapis.com/uploads-897272804952.us-central1.cloudfunctions.appspot.com/789c642a-abd8-407e-8acf-116edf47b0a0.zip?GoogleAccessId=service-748897099472@gcf-admin-robot.iam.gserviceaccount.com&Expires=1754739979&Signature=t7y5bIPmH5buGyYZDE3S%2B3TUHknJvJWlE3gKYJ6bg9jj6eWkEB4gi24NwPUYzWuM%2B6XuEWSHVBxNi%2FtdWCneInyAuzOzgdiqsBDN2eDMXUy2KZG1bnKtgSr0mDDov0mDcnvLkwMKubrdG8w6y5AO%2F6ZU1ZQ0CzIGM4q6dy8Hucv6Xh3fQAZgJHjgr4a20sAmyooN%2BVQyDXbBYMpbnCdsePCSSUDwi8C3zpzgtFYxgh9vcX01yKD%2Bn7ECTWqLxItt9LVAOylpKDmmA4f3NaZt%2BG801NOEzTfbPtWn37AATAnXHHZ7lAzOkwJfZpCFMduFgenzURggmLKKt7qjb5DGGA%3D%3D"}
[debug] [2025-08-09T11:16:18.881Z] >>> [apiv2][query] PUT https://storage.googleapis.com/uploads-897272804952.us-central1.cloudfunctions.appspot.com/789c642a-abd8-407e-8acf-116edf47b0a0.zip GoogleAccessId=service-748897099472%40gcf-admin-robot.iam.gserviceaccount.com&Expires=1754739979&Signature=t7y5bIPmH5buGyYZDE3S%2B3TUHknJvJWlE3gKYJ6bg9jj6eWkEB4gi24NwPUYzWuM%2B6XuEWSHVBxNi%2FtdWCneInyAuzOzgdiqsBDN2eDMXUy2KZG1bnKtgSr0mDDov0mDcnvLkwMKubrdG8w6y5AO%2F6ZU1ZQ0CzIGM4q6dy8Hucv6Xh3fQAZgJHjgr4a20sAmyooN%2BVQyDXbBYMpbnCdsePCSSUDwi8C3zpzgtFYxgh9vcX01yKD%2Bn7ECTWqLxItt9LVAOylpKDmmA4f3NaZt%2BG801NOEzTfbPtWn37AATAnXHHZ7lAzOkwJfZpCFMduFgenzURggmLKKt7qjb5DGGA%3D%3D
[debug] [2025-08-09T11:16:18.881Z] >>> [apiv2][body] PUT https://storage.googleapis.com/uploads-897272804952.us-central1.cloudfunctions.appspot.com/789c642a-abd8-407e-8acf-116edf47b0a0.zip [stream]
[debug] [2025-08-09T11:16:20.245Z] <<< [apiv2][status] PUT https://storage.googleapis.com/uploads-897272804952.us-central1.cloudfunctions.appspot.com/789c642a-abd8-407e-8acf-116edf47b0a0.zip 200
[debug] [2025-08-09T11:16:20.245Z] <<< [apiv2][body] PUT https://storage.googleapis.com/uploads-897272804952.us-central1.cloudfunctions.appspot.com/789c642a-abd8-407e-8acf-116edf47b0a0.zip [omitted]
[info] +  functions: functions folder uploaded successfully 
[info] i  functions: creating Node.js 18 (1st Gen) function notifyOnNewCustomer(us-central1)... 
[debug] [2025-08-09T11:16:20.253Z] Checked if tokens are valid: true, expires at: 1754741203921
[debug] [2025-08-09T11:16:20.253Z] Checked if tokens are valid: true, expires at: 1754741203921
[debug] [2025-08-09T11:16:20.254Z] >>> [apiv2][query] POST https://cloudfunctions.googleapis.com/v1/projects/spark-scale-website/locations/us-central1/functions [none]
[debug] [2025-08-09T11:16:20.254Z] >>> [apiv2][body] POST https://cloudfunctions.googleapis.com/v1/projects/spark-scale-website/locations/us-central1/functions {"name":"projects/spark-scale-website/locations/us-central1/functions/notifyOnNewCustomer","sourceUploadUrl":"https://storage.googleapis.com/uploads-897272804952.us-central1.cloudfunctions.appspot.com/789c642a-abd8-407e-8acf-116edf47b0a0.zip?GoogleAccessId=service-748897099472@gcf-admin-robot.iam.gserviceaccount.com&Expires=1754739979&Signature=t7y5bIPmH5buGyYZDE3S%2B3TUHknJvJWlE3gKYJ6bg9jj6eWkEB4gi24NwPUYzWuM%2B6XuEWSHVBxNi%2FtdWCneInyAuzOzgdiqsBDN2eDMXUy2KZG1bnKtgSr0mDDov0mDcnvLkwMKubrdG8w6y5AO%2F6ZU1ZQ0CzIGM4q6dy8Hucv6Xh3fQAZgJHjgr4a20sAmyooN%2BVQyDXbBYMpbnCdsePCSSUDwi8C3zpzgtFYxgh9vcX01yKD%2Bn7ECTWqLxItt9LVAOylpKDmmA4f3NaZt%2BG801NOEzTfbPtWn37AATAnXHHZ7lAzOkwJfZpCFMduFgenzURggmLKKt7qjb5DGGA%3D%3D","entryPoint":"notifyOnNewCustomer","runtime":"nodejs18","dockerRegistry":"ARTIFACT_REGISTRY","labels":{"deployment-tool":"cli-firebase","firebase-functions-hash":"05203949d4ec260c08473b3fcbc7555eae21016e"},"eventTrigger":{"eventType":"providers/cloud.firestore/eventTypes/document.create","resource":"projects/spark-scale-website/databases/(default)/documents/customers/{customerId}"},"minInstances":null,"maxInstances":null,"ingressSettings":null,"environmentVariables":{"FIREBASE_CONFIG":"{\"projectId\":\"spark-scale-website\",\"storageBucket\":\"spark-scale-website.firebasestorage.app\"}","GCLOUD_PROJECT":"spark-scale-website","EVENTARC_CLOUD_EVENT_SOURCE":"projects/spark-scale-website/locations/us-central1/functions/notifyOnNewCustomer"},"serviceAccountEmail":null,"availableMemoryMb":null,"timeout":null,"vpcConnector":null,"vpcConnectorEgressSettings":null,"buildEnvironmentVariables":{"GOOGLE_NODE_RUN_SCRIPTS":""}}
[debug] [2025-08-09T11:16:22.111Z] <<< [apiv2][status] POST https://cloudfunctions.googleapis.com/v1/projects/spark-scale-website/locations/us-central1/functions 200
[debug] [2025-08-09T11:16:22.112Z] <<< [apiv2][body] POST https://cloudfunctions.googleapis.com/v1/projects/spark-scale-website/locations/us-central1/functions {"name":"operations/cHJvamVjdHMvc3Bhcmstc2NhbGUtd2Vic2l0ZS9sb2NhdGlvbnMvdXMtY2VudHJhbDEvb3BlcmF0aW9ucy9vcGVyYXRpb24tMTc1NDczODE4MTExOS02M2JlY2QxZjU5ZjllLTIwOTc5MzQxLThkMDRmZmRi","metadata":{"@type":"type.googleapis.com/google.cloud.functions.v1.OperationMetadataV1","target":"projects/spark-scale-website/locations/us-central1/functions/notifyOnNewCustomer","updateTime":"2025-08-09T11:16:22.688508325Z"}}
[debug] [2025-08-09T11:16:22.112Z] Checked if tokens are valid: true, expires at: 1754741203921
[debug] [2025-08-09T11:16:22.113Z] Checked if tokens are valid: true, expires at: 1754741203921
[debug] [2025-08-09T11:16:22.113Z] >>> [apiv2][query] GET https://cloudfunctions.googleapis.com/v1/operations/cHJvamVjdHMvc3Bhcmstc2NhbGUtd2Vic2l0ZS9sb2NhdGlvbnMvdXMtY2VudHJhbDEvb3BlcmF0aW9ucy9vcGVyYXRpb24tMTc1NDczODE4MTExOS02M2JlY2QxZjU5ZjllLTIwOTc5MzQxLThkMDRmZmRi [none]
[debug] [2025-08-09T11:16:22.525Z] <<< [apiv2][status] GET https://cloudfunctions.googleapis.com/v1/operations/cHJvamVjdHMvc3Bhcmstc2NhbGUtd2Vic2l0ZS9sb2NhdGlvbnMvdXMtY2VudHJhbDEvb3BlcmF0aW9ucy9vcGVyYXRpb24tMTc1NDczODE4MTExOS02M2JlY2QxZjU5ZjllLTIwOTc5MzQxLThkMDRmZmRi 200
[debug] [2025-08-09T11:16:22.525Z] <<< [apiv2][body] GET https://cloudfunctions.googleapis.com/v1/operations/cHJvamVjdHMvc3Bhcmstc2NhbGUtd2Vic2l0ZS9sb2NhdGlvbnMvdXMtY2VudHJhbDEvb3BlcmF0aW9ucy9vcGVyYXRpb24tMTc1NDczODE4MTExOS02M2JlY2QxZjU5ZjllLTIwOTc5MzQxLThkMDRmZmRi {"name":"operations/cHJvamVjdHMvc3Bhcmstc2NhbGUtd2Vic2l0ZS9sb2NhdGlvbnMvdXMtY2VudHJhbDEvb3BlcmF0aW9ucy9vcGVyYXRpb24tMTc1NDczODE4MTExOS02M2JlY2QxZjU5ZjllLTIwOTc5MzQxLThkMDRmZmRi","metadata":{"@type":"type.googleapis.com/google.cloud.functions.v1.OperationMetadataV1","target":"projects/spark-scale-website/locations/us-central1/functions/notifyOnNewCustomer","updateTime":"2025-08-09T11:16:22.688508325Z"}}
[debug] [2025-08-09T11:16:23.031Z] [create-default-us-central1-notifyOnNewCustomer] Retrying task index 0
[debug] [2025-08-09T11:16:23.032Z] Checked if tokens are valid: true, expires at: 1754741203921
[debug] [2025-08-09T11:16:23.032Z] Checked if tokens are valid: true, expires at: 1754741203921
[debug] [2025-08-09T11:16:23.032Z] >>> [apiv2][query] GET https://cloudfunctions.googleapis.com/v1/operations/cHJvamVjdHMvc3Bhcmstc2NhbGUtd2Vic2l0ZS9sb2NhdGlvbnMvdXMtY2VudHJhbDEvb3BlcmF0aW9ucy9vcGVyYXRpb24tMTc1NDczODE4MTExOS02M2JlY2QxZjU5ZjllLTIwOTc5MzQxLThkMDRmZmRi [none]
[debug] [2025-08-09T11:16:23.330Z] <<< [apiv2][status] GET https://cloudfunctions.googleapis.com/v1/operations/cHJvamVjdHMvc3Bhcmstc2NhbGUtd2Vic2l0ZS9sb2NhdGlvbnMvdXMtY2VudHJhbDEvb3BlcmF0aW9ucy9vcGVyYXRpb24tMTc1NDczODE4MTExOS02M2JlY2QxZjU5ZjllLTIwOTc5MzQxLThkMDRmZmRi 200
[debug] [2025-08-09T11:16:23.330Z] <<< [apiv2][body] GET https://cloudfunctions.googleapis.com/v1/operations/cHJvamVjdHMvc3Bhcmstc2NhbGUtd2Vic2l0ZS9sb2NhdGlvbnMvdXMtY2VudHJhbDEvb3BlcmF0aW9ucy9vcGVyYXRpb24tMTc1NDczODE4MTExOS02M2JlY2QxZjU5ZjllLTIwOTc5MzQxLThkMDRmZmRi {"name":"operations/cHJvamVjdHMvc3Bhcmstc2NhbGUtd2Vic2l0ZS9sb2NhdGlvbnMvdXMtY2VudHJhbDEvb3BlcmF0aW9ucy9vcGVyYXRpb24tMTc1NDczODE4MTExOS02M2JlY2QxZjU5ZjllLTIwOTc5MzQxLThkMDRmZmRi","metadata":{"@type":"type.googleapis.com/google.cloud.functions.v1.OperationMetadataV1","target":"projects/spark-scale-website/locations/us-central1/functions/notifyOnNewCustomer","type":"CREATE_FUNCTION","request":{"@type":"type.googleapis.com/google.cloud.functions.v1.CloudFunction","name":"projects/spark-scale-website/locations/us-central1/functions/notifyOnNewCustomer","eventTrigger":{"eventType":"providers/cloud.firestore/eventTypes/document.create","resource":"projects/spark-scale-website/databases/(default)/documents/customers/{customerId}","failurePolicy":{}},"entryPoint":"notifyOnNewCustomer","updateTime":"1970-01-01T00:00:00Z","labels":{"deployment-tool":"cli-firebase","firebase-functions-hash":"05203949d4ec260c08473b3fcbc7555eae21016e"},"sourceUploadUrl":"https://storage.googleapis.com/uploads-897272804952.us-central1.cloudfunctions.appspot.com/789c642a-abd8-407e-8acf-116edf47b0a0.zip?GoogleAccessId=service-748897099472@gcf-admin-robot.iam.gserviceaccount.com&Expires=1754739979&Signature=t7y5bIPmH5buGyYZDE3S%2B3TUHknJvJWlE3gKYJ6bg9jj6eWkEB4gi24NwPUYzWuM%2B6XuEWSHVBxNi%2FtdWCneInyAuzOzgdiqsBDN2eDMXUy2KZG1bnKtgSr0mDDov0mDcnvLkwMKubrdG8w6y5AO%2F6ZU1ZQ0CzIGM4q6dy8Hucv6Xh3fQAZgJHjgr4a20sAmyooN%2BVQyDXbBYMpbnCdsePCSSUDwi8C3zpzgtFYxgh9vcX01yKD%2Bn7ECTWqLxItt9LVAOylpKDmmA4f3NaZt%2BG801NOEzTfbPtWn37AATAnXHHZ7lAzOkwJfZpCFMduFgenzURggmLKKt7qjb5DGGA%3D%3D","environmentVariables":{"FIREBASE_CONFIG":"{\"projectId\":\"spark-scale-website\",\"storageBucket\":\"spark-scale-website.firebasestorage.app\"}","GCLOUD_PROJECT":"spark-scale-website","EVENTARC_CLOUD_EVENT_SOURCE":"projects/spark-scale-website/locations/us-central1/functions/notifyOnNewCustomer"},"runtime":"nodejs18","buildEnvironmentVariables":{"GOOGLE_NODE_RUN_SCRIPTS":""},"dockerRegistry":"ARTIFACT_REGISTRY"},"versionId":"1","updateTime":"2025-08-09T11:16:22.688508325Z"}}
[debug] [2025-08-09T11:16:24.333Z] [create-default-us-central1-notifyOnNewCustomer] Retrying task index 0
[debug] [2025-08-09T11:16:24.334Z] Checked if tokens are valid: true, expires at: 1754741203921
[debug] [2025-08-09T11:16:24.334Z] Checked if tokens are valid: true, expires at: 1754741203921
[debug] [2025-08-09T11:16:24.334Z] >>> [apiv2][query] GET https://cloudfunctions.googleapis.com/v1/operations/cHJvamVjdHMvc3Bhcmstc2NhbGUtd2Vic2l0ZS9sb2NhdGlvbnMvdXMtY2VudHJhbDEvb3BlcmF0aW9ucy9vcGVyYXRpb24tMTc1NDczODE4MTExOS02M2JlY2QxZjU5ZjllLTIwOTc5MzQxLThkMDRmZmRi [none]
[debug] [2025-08-09T11:16:24.640Z] <<< [apiv2][status] GET https://cloudfunctions.googleapis.com/v1/operations/cHJvamVjdHMvc3Bhcmstc2NhbGUtd2Vic2l0ZS9sb2NhdGlvbnMvdXMtY2VudHJhbDEvb3BlcmF0aW9ucy9vcGVyYXRpb24tMTc1NDczODE4MTExOS02M2JlY2QxZjU5ZjllLTIwOTc5MzQxLThkMDRmZmRi 200
[debug] [2025-08-09T11:16:24.640Z] <<< [apiv2][body] GET https://cloudfunctions.googleapis.com/v1/operations/cHJvamVjdHMvc3Bhcmstc2NhbGUtd2Vic2l0ZS9sb2NhdGlvbnMvdXMtY2VudHJhbDEvb3BlcmF0aW9ucy9vcGVyYXRpb24tMTc1NDczODE4MTExOS02M2JlY2QxZjU5ZjllLTIwOTc5MzQxLThkMDRmZmRi {"name":"operations/cHJvamVjdHMvc3Bhcmstc2NhbGUtd2Vic2l0ZS9sb2NhdGlvbnMvdXMtY2VudHJhbDEvb3BlcmF0aW9ucy9vcGVyYXRpb24tMTc1NDczODE4MTExOS02M2JlY2QxZjU5ZjllLTIwOTc5MzQxLThkMDRmZmRi","metadata":{"@type":"type.googleapis.com/google.cloud.functions.v1.OperationMetadataV1","target":"projects/spark-scale-website/locations/us-central1/functions/notifyOnNewCustomer","type":"CREATE_FUNCTION","request":{"@type":"type.googleapis.com/google.cloud.functions.v1.CloudFunction","name":"projects/spark-scale-website/locations/us-central1/functions/notifyOnNewCustomer","eventTrigger":{"eventType":"providers/cloud.firestore/eventTypes/document.create","resource":"projects/spark-scale-website/databases/(default)/documents/customers/{customerId}","failurePolicy":{}},"entryPoint":"notifyOnNewCustomer","updateTime":"1970-01-01T00:00:00Z","labels":{"deployment-tool":"cli-firebase","firebase-functions-hash":"05203949d4ec260c08473b3fcbc7555eae21016e"},"sourceUploadUrl":"https://storage.googleapis.com/uploads-897272804952.us-central1.cloudfunctions.appspot.com/789c642a-abd8-407e-8acf-116edf47b0a0.zip?GoogleAccessId=service-748897099472@gcf-admin-robot.iam.gserviceaccount.com&Expires=1754739979&Signature=t7y5bIPmH5buGyYZDE3S%2B3TUHknJvJWlE3gKYJ6bg9jj6eWkEB4gi24NwPUYzWuM%2B6XuEWSHVBxNi%2FtdWCneInyAuzOzgdiqsBDN2eDMXUy2KZG1bnKtgSr0mDDov0mDcnvLkwMKubrdG8w6y5AO%2F6ZU1ZQ0CzIGM4q6dy8Hucv6Xh3fQAZgJHjgr4a20sAmyooN%2BVQyDXbBYMpbnCdsePCSSUDwi8C3zpzgtFYxgh9vcX01yKD%2Bn7ECTWqLxItt9LVAOylpKDmmA4f3NaZt%2BG801NOEzTfbPtWn37AATAnXHHZ7lAzOkwJfZpCFMduFgenzURggmLKKt7qjb5DGGA%3D%3D","environmentVariables":{"FIREBASE_CONFIG":"{\"projectId\":\"spark-scale-website\",\"storageBucket\":\"spark-scale-website.firebasestorage.app\"}","GCLOUD_PROJECT":"spark-scale-website","EVENTARC_CLOUD_EVENT_SOURCE":"projects/spark-scale-website/locations/us-central1/functions/notifyOnNewCustomer"},"runtime":"nodejs18","buildEnvironmentVariables":{"GOOGLE_NODE_RUN_SCRIPTS":""},"dockerRegistry":"ARTIFACT_REGISTRY"},"versionId":"1","updateTime":"2025-08-09T11:16:22.688508325Z"}}
[debug] [2025-08-09T11:16:26.647Z] [create-default-us-central1-notifyOnNewCustomer] Retrying task index 0
[debug] [2025-08-09T11:16:26.647Z] Checked if tokens are valid: true, expires at: 1754741203921
[debug] [2025-08-09T11:16:26.647Z] Checked if tokens are valid: true, expires at: 1754741203921
[debug] [2025-08-09T11:16:26.648Z] >>> [apiv2][query] GET https://cloudfunctions.googleapis.com/v1/operations/cHJvamVjdHMvc3Bhcmstc2NhbGUtd2Vic2l0ZS9sb2NhdGlvbnMvdXMtY2VudHJhbDEvb3BlcmF0aW9ucy9vcGVyYXRpb24tMTc1NDczODE4MTExOS02M2JlY2QxZjU5ZjllLTIwOTc5MzQxLThkMDRmZmRi [none]
[debug] [2025-08-09T11:16:26.900Z] <<< [apiv2][status] GET https://cloudfunctions.googleapis.com/v1/operations/cHJvamVjdHMvc3Bhcmstc2NhbGUtd2Vic2l0ZS9sb2NhdGlvbnMvdXMtY2VudHJhbDEvb3BlcmF0aW9ucy9vcGVyYXRpb24tMTc1NDczODE4MTExOS02M2JlY2QxZjU5ZjllLTIwOTc5MzQxLThkMDRmZmRi 200
[debug] [2025-08-09T11:16:26.900Z] <<< [apiv2][body] GET https://cloudfunctions.googleapis.com/v1/operations/cHJvamVjdHMvc3Bhcmstc2NhbGUtd2Vic2l0ZS9sb2NhdGlvbnMvdXMtY2VudHJhbDEvb3BlcmF0aW9ucy9vcGVyYXRpb24tMTc1NDczODE4MTExOS02M2JlY2QxZjU5ZjllLTIwOTc5MzQxLThkMDRmZmRi {"name":"operations/cHJvamVjdHMvc3Bhcmstc2NhbGUtd2Vic2l0ZS9sb2NhdGlvbnMvdXMtY2VudHJhbDEvb3BlcmF0aW9ucy9vcGVyYXRpb24tMTc1NDczODE4MTExOS02M2JlY2QxZjU5ZjllLTIwOTc5MzQxLThkMDRmZmRi","metadata":{"@type":"type.googleapis.com/google.cloud.functions.v1.OperationMetadataV1","target":"projects/spark-scale-website/locations/us-central1/functions/notifyOnNewCustomer","type":"CREATE_FUNCTION","request":{"@type":"type.googleapis.com/google.cloud.functions.v1.CloudFunction","name":"projects/spark-scale-website/locations/us-central1/functions/notifyOnNewCustomer","eventTrigger":{"eventType":"providers/cloud.firestore/eventTypes/document.create","resource":"projects/spark-scale-website/databases/(default)/documents/customers/{customerId}","failurePolicy":{}},"entryPoint":"notifyOnNewCustomer","updateTime":"1970-01-01T00:00:00Z","labels":{"deployment-tool":"cli-firebase","firebase-functions-hash":"05203949d4ec260c08473b3fcbc7555eae21016e"},"sourceUploadUrl":"https://storage.googleapis.com/uploads-897272804952.us-central1.cloudfunctions.appspot.com/789c642a-abd8-407e-8acf-116edf47b0a0.zip?GoogleAccessId=service-748897099472@gcf-admin-robot.iam.gserviceaccount.com&Expires=1754739979&Signature=t7y5bIPmH5buGyYZDE3S%2B3TUHknJvJWlE3gKYJ6bg9jj6eWkEB4gi24NwPUYzWuM%2B6XuEWSHVBxNi%2FtdWCneInyAuzOzgdiqsBDN2eDMXUy2KZG1bnKtgSr0mDDov0mDcnvLkwMKubrdG8w6y5AO%2F6ZU1ZQ0CzIGM4q6dy8Hucv6Xh3fQAZgJHjgr4a20sAmyooN%2BVQyDXbBYMpbnCdsePCSSUDwi8C3zpzgtFYxgh9vcX01yKD%2Bn7ECTWqLxItt9LVAOylpKDmmA4f3NaZt%2BG801NOEzTfbPtWn37AATAnXHHZ7lAzOkwJfZpCFMduFgenzURggmLKKt7qjb5DGGA%3D%3D","environmentVariables":{"FIREBASE_CONFIG":"{\"projectId\":\"spark-scale-website\",\"storageBucket\":\"spark-scale-website.firebasestorage.app\"}","GCLOUD_PROJECT":"spark-scale-website","EVENTARC_CLOUD_EVENT_SOURCE":"projects/spark-scale-website/locations/us-central1/functions/notifyOnNewCustomer"},"runtime":"nodejs18","buildEnvironmentVariables":{"GOOGLE_NODE_RUN_SCRIPTS":""},"dockerRegistry":"ARTIFACT_REGISTRY"},"versionId":"1","updateTime":"2025-08-09T11:16:22.688508325Z"}}
[debug] [2025-08-09T11:16:30.908Z] [create-default-us-central1-notifyOnNewCustomer] Retrying task index 0
[debug] [2025-08-09T11:16:30.909Z] Checked if tokens are valid: true, expires at: 1754741203921
[debug] [2025-08-09T11:16:30.909Z] Checked if tokens are valid: true, expires at: 1754741203921
[debug] [2025-08-09T11:16:30.909Z] >>> [apiv2][query] GET https://cloudfunctions.googleapis.com/v1/operations/cHJvamVjdHMvc3Bhcmstc2NhbGUtd2Vic2l0ZS9sb2NhdGlvbnMvdXMtY2VudHJhbDEvb3BlcmF0aW9ucy9vcGVyYXRpb24tMTc1NDczODE4MTExOS02M2JlY2QxZjU5ZjllLTIwOTc5MzQxLThkMDRmZmRi [none]
[debug] [2025-08-09T11:16:32.130Z] <<< [apiv2][status] GET https://cloudfunctions.googleapis.com/v1/operations/cHJvamVjdHMvc3Bhcmstc2NhbGUtd2Vic2l0ZS9sb2NhdGlvbnMvdXMtY2VudHJhbDEvb3BlcmF0aW9ucy9vcGVyYXRpb24tMTc1NDczODE4MTExOS02M2JlY2QxZjU5ZjllLTIwOTc5MzQxLThkMDRmZmRi 200
[debug] [2025-08-09T11:16:32.130Z] <<< [apiv2][body] GET https://cloudfunctions.googleapis.com/v1/operations/cHJvamVjdHMvc3Bhcmstc2NhbGUtd2Vic2l0ZS9sb2NhdGlvbnMvdXMtY2VudHJhbDEvb3BlcmF0aW9ucy9vcGVyYXRpb24tMTc1NDczODE4MTExOS02M2JlY2QxZjU5ZjllLTIwOTc5MzQxLThkMDRmZmRi {"name":"operations/cHJvamVjdHMvc3Bhcmstc2NhbGUtd2Vic2l0ZS9sb2NhdGlvbnMvdXMtY2VudHJhbDEvb3BlcmF0aW9ucy9vcGVyYXRpb24tMTc1NDczODE4MTExOS02M2JlY2QxZjU5ZjllLTIwOTc5MzQxLThkMDRmZmRi","metadata":{"@type":"type.googleapis.com/google.cloud.functions.v1.OperationMetadataV1","target":"projects/spark-scale-website/locations/us-central1/functions/notifyOnNewCustomer","type":"CREATE_FUNCTION","request":{"@type":"type.googleapis.com/google.cloud.functions.v1.CloudFunction","name":"projects/spark-scale-website/locations/us-central1/functions/notifyOnNewCustomer","eventTrigger":{"eventType":"providers/cloud.firestore/eventTypes/document.create","resource":"projects/spark-scale-website/databases/(default)/documents/customers/{customerId}","failurePolicy":{}},"entryPoint":"notifyOnNewCustomer","updateTime":"1970-01-01T00:00:00Z","labels":{"deployment-tool":"cli-firebase","firebase-functions-hash":"05203949d4ec260c08473b3fcbc7555eae21016e"},"sourceUploadUrl":"https://storage.googleapis.com/uploads-897272804952.us-central1.cloudfunctions.appspot.com/789c642a-abd8-407e-8acf-116edf47b0a0.zip?GoogleAccessId=service-748897099472@gcf-admin-robot.iam.gserviceaccount.com&Expires=1754739979&Signature=t7y5bIPmH5buGyYZDE3S%2B3TUHknJvJWlE3gKYJ6bg9jj6eWkEB4gi24NwPUYzWuM%2B6XuEWSHVBxNi%2FtdWCneInyAuzOzgdiqsBDN2eDMXUy2KZG1bnKtgSr0mDDov0mDcnvLkwMKubrdG8w6y5AO%2F6ZU1ZQ0CzIGM4q6dy8Hucv6Xh3fQAZgJHjgr4a20sAmyooN%2BVQyDXbBYMpbnCdsePCSSUDwi8C3zpzgtFYxgh9vcX01yKD%2Bn7ECTWqLxItt9LVAOylpKDmmA4f3NaZt%2BG801NOEzTfbPtWn37AATAnXHHZ7lAzOkwJfZpCFMduFgenzURggmLKKt7qjb5DGGA%3D%3D","environmentVariables":{"FIREBASE_CONFIG":"{\"projectId\":\"spark-scale-website\",\"storageBucket\":\"spark-scale-website.firebasestorage.app\"}","GCLOUD_PROJECT":"spark-scale-website","EVENTARC_CLOUD_EVENT_SOURCE":"projects/spark-scale-website/locations/us-central1/functions/notifyOnNewCustomer"},"runtime":"nodejs18","buildEnvironmentVariables":{"GOOGLE_NODE_RUN_SCRIPTS":""},"dockerRegistry":"ARTIFACT_REGISTRY"},"versionId":"1","updateTime":"2025-08-09T11:16:22.688508325Z"}}
[debug] [2025-08-09T11:16:40.135Z] [create-default-us-central1-notifyOnNewCustomer] Retrying task index 0
[debug] [2025-08-09T11:16:40.136Z] Checked if tokens are valid: true, expires at: 1754741203921
[debug] [2025-08-09T11:16:40.136Z] Checked if tokens are valid: true, expires at: 1754741203921
[debug] [2025-08-09T11:16:40.136Z] >>> [apiv2][query] GET https://cloudfunctions.googleapis.com/v1/operations/cHJvamVjdHMvc3Bhcmstc2NhbGUtd2Vic2l0ZS9sb2NhdGlvbnMvdXMtY2VudHJhbDEvb3BlcmF0aW9ucy9vcGVyYXRpb24tMTc1NDczODE4MTExOS02M2JlY2QxZjU5ZjllLTIwOTc5MzQxLThkMDRmZmRi [none]
[debug] [2025-08-09T11:16:40.640Z] <<< [apiv2][status] GET https://cloudfunctions.googleapis.com/v1/operations/cHJvamVjdHMvc3Bhcmstc2NhbGUtd2Vic2l0ZS9sb2NhdGlvbnMvdXMtY2VudHJhbDEvb3BlcmF0aW9ucy9vcGVyYXRpb24tMTc1NDczODE4MTExOS02M2JlY2QxZjU5ZjllLTIwOTc5MzQxLThkMDRmZmRi 200
[debug] [2025-08-09T11:16:40.640Z] <<< [apiv2][body] GET https://cloudfunctions.googleapis.com/v1/operations/cHJvamVjdHMvc3Bhcmstc2NhbGUtd2Vic2l0ZS9sb2NhdGlvbnMvdXMtY2VudHJhbDEvb3BlcmF0aW9ucy9vcGVyYXRpb24tMTc1NDczODE4MTExOS02M2JlY2QxZjU5ZjllLTIwOTc5MzQxLThkMDRmZmRi {"name":"operations/cHJvamVjdHMvc3Bhcmstc2NhbGUtd2Vic2l0ZS9sb2NhdGlvbnMvdXMtY2VudHJhbDEvb3BlcmF0aW9ucy9vcGVyYXRpb24tMTc1NDczODE4MTExOS02M2JlY2QxZjU5ZjllLTIwOTc5MzQxLThkMDRmZmRi","metadata":{"@type":"type.googleapis.com/google.cloud.functions.v1.OperationMetadataV1","target":"projects/spark-scale-website/locations/us-central1/functions/notifyOnNewCustomer","type":"CREATE_FUNCTION","request":{"@type":"type.googleapis.com/google.cloud.functions.v1.CloudFunction","name":"projects/spark-scale-website/locations/us-central1/functions/notifyOnNewCustomer","eventTrigger":{"eventType":"providers/cloud.firestore/eventTypes/document.create","resource":"projects/spark-scale-website/databases/(default)/documents/customers/{customerId}","failurePolicy":{}},"entryPoint":"notifyOnNewCustomer","updateTime":"1970-01-01T00:00:00Z","labels":{"deployment-tool":"cli-firebase","firebase-functions-hash":"05203949d4ec260c08473b3fcbc7555eae21016e"},"sourceUploadUrl":"https://storage.googleapis.com/uploads-897272804952.us-central1.cloudfunctions.appspot.com/789c642a-abd8-407e-8acf-116edf47b0a0.zip?GoogleAccessId=service-748897099472@gcf-admin-robot.iam.gserviceaccount.com&Expires=1754739979&Signature=t7y5bIPmH5buGyYZDE3S%2B3TUHknJvJWlE3gKYJ6bg9jj6eWkEB4gi24NwPUYzWuM%2B6XuEWSHVBxNi%2FtdWCneInyAuzOzgdiqsBDN2eDMXUy2KZG1bnKtgSr0mDDov0mDcnvLkwMKubrdG8w6y5AO%2F6ZU1ZQ0CzIGM4q6dy8Hucv6Xh3fQAZgJHjgr4a20sAmyooN%2BVQyDXbBYMpbnCdsePCSSUDwi8C3zpzgtFYxgh9vcX01yKD%2Bn7ECTWqLxItt9LVAOylpKDmmA4f3NaZt%2BG801NOEzTfbPtWn37AATAnXHHZ7lAzOkwJfZpCFMduFgenzURggmLKKt7qjb5DGGA%3D%3D","environmentVariables":{"FIREBASE_CONFIG":"{\"projectId\":\"spark-scale-website\",\"storageBucket\":\"spark-scale-website.firebasestorage.app\"}","GCLOUD_PROJECT":"spark-scale-website","EVENTARC_CLOUD_EVENT_SOURCE":"projects/spark-scale-website/locations/us-central1/functions/notifyOnNewCustomer"},"runtime":"nodejs18","buildEnvironmentVariables":{"GOOGLE_NODE_RUN_SCRIPTS":""},"dockerRegistry":"ARTIFACT_REGISTRY"},"versionId":"1","updateTime":"2025-08-09T11:16:22.688508325Z"}}
[debug] [2025-08-09T11:16:50.655Z] [create-default-us-central1-notifyOnNewCustomer] Retrying task index 0
[debug] [2025-08-09T11:16:50.655Z] Checked if tokens are valid: true, expires at: 1754741203921
[debug] [2025-08-09T11:16:50.655Z] Checked if tokens are valid: true, expires at: 1754741203921
[debug] [2025-08-09T11:16:50.656Z] >>> [apiv2][query] GET https://cloudfunctions.googleapis.com/v1/operations/cHJvamVjdHMvc3Bhcmstc2NhbGUtd2Vic2l0ZS9sb2NhdGlvbnMvdXMtY2VudHJhbDEvb3BlcmF0aW9ucy9vcGVyYXRpb24tMTc1NDczODE4MTExOS02M2JlY2QxZjU5ZjllLTIwOTc5MzQxLThkMDRmZmRi [none]
[debug] [2025-08-09T11:16:51.110Z] <<< [apiv2][status] GET https://cloudfunctions.googleapis.com/v1/operations/cHJvamVjdHMvc3Bhcmstc2NhbGUtd2Vic2l0ZS9sb2NhdGlvbnMvdXMtY2VudHJhbDEvb3BlcmF0aW9ucy9vcGVyYXRpb24tMTc1NDczODE4MTExOS02M2JlY2QxZjU5ZjllLTIwOTc5MzQxLThkMDRmZmRi 200
[debug] [2025-08-09T11:16:51.110Z] <<< [apiv2][body] GET https://cloudfunctions.googleapis.com/v1/operations/cHJvamVjdHMvc3Bhcmstc2NhbGUtd2Vic2l0ZS9sb2NhdGlvbnMvdXMtY2VudHJhbDEvb3BlcmF0aW9ucy9vcGVyYXRpb24tMTc1NDczODE4MTExOS02M2JlY2QxZjU5ZjllLTIwOTc5MzQxLThkMDRmZmRi {"name":"operations/cHJvamVjdHMvc3Bhcmstc2NhbGUtd2Vic2l0ZS9sb2NhdGlvbnMvdXMtY2VudHJhbDEvb3BlcmF0aW9ucy9vcGVyYXRpb24tMTc1NDczODE4MTExOS02M2JlY2QxZjU5ZjllLTIwOTc5MzQxLThkMDRmZmRi","metadata":{"@type":"type.googleapis.com/google.cloud.functions.v1.OperationMetadataV1","target":"projects/spark-scale-website/locations/us-central1/functions/notifyOnNewCustomer","type":"CREATE_FUNCTION","request":{"@type":"type.googleapis.com/google.cloud.functions.v1.CloudFunction","name":"projects/spark-scale-website/locations/us-central1/functions/notifyOnNewCustomer","eventTrigger":{"eventType":"providers/cloud.firestore/eventTypes/document.create","resource":"projects/spark-scale-website/databases/(default)/documents/customers/{customerId}","failurePolicy":{}},"entryPoint":"notifyOnNewCustomer","updateTime":"1970-01-01T00:00:00Z","labels":{"deployment-tool":"cli-firebase","firebase-functions-hash":"05203949d4ec260c08473b3fcbc7555eae21016e"},"sourceUploadUrl":"https://storage.googleapis.com/uploads-897272804952.us-central1.cloudfunctions.appspot.com/789c642a-abd8-407e-8acf-116edf47b0a0.zip?GoogleAccessId=service-748897099472@gcf-admin-robot.iam.gserviceaccount.com&Expires=1754739979&Signature=t7y5bIPmH5buGyYZDE3S%2B3TUHknJvJWlE3gKYJ6bg9jj6eWkEB4gi24NwPUYzWuM%2B6XuEWSHVBxNi%2FtdWCneInyAuzOzgdiqsBDN2eDMXUy2KZG1bnKtgSr0mDDov0mDcnvLkwMKubrdG8w6y5AO%2F6ZU1ZQ0CzIGM4q6dy8Hucv6Xh3fQAZgJHjgr4a20sAmyooN%2BVQyDXbBYMpbnCdsePCSSUDwi8C3zpzgtFYxgh9vcX01yKD%2Bn7ECTWqLxItt9LVAOylpKDmmA4f3NaZt%2BG801NOEzTfbPtWn37AATAnXHHZ7lAzOkwJfZpCFMduFgenzURggmLKKt7qjb5DGGA%3D%3D","environmentVariables":{"FIREBASE_CONFIG":"{\"projectId\":\"spark-scale-website\",\"storageBucket\":\"spark-scale-website.firebasestorage.app\"}","GCLOUD_PROJECT":"spark-scale-website","EVENTARC_CLOUD_EVENT_SOURCE":"projects/spark-scale-website/locations/us-central1/functions/notifyOnNewCustomer"},"runtime":"nodejs18","buildEnvironmentVariables":{"GOOGLE_NODE_RUN_SCRIPTS":""},"dockerRegistry":"ARTIFACT_REGISTRY"},"versionId":"1","updateTime":"2025-08-09T11:16:22.688508325Z","buildId":"63f1a7b3-70db-4227-8f83-c7271a98c111","buildName":"projects/748897099472/locations/us-central1/builds/63f1a7b3-70db-4227-8f83-c7271a98c111"}}
[debug] [2025-08-09T11:17:01.120Z] [create-default-us-central1-notifyOnNewCustomer] Retrying task index 0
[debug] [2025-08-09T11:17:01.122Z] Checked if tokens are valid: true, expires at: 1754741203921
[debug] [2025-08-09T11:17:01.122Z] Checked if tokens are valid: true, expires at: 1754741203921
[debug] [2025-08-09T11:17:01.122Z] >>> [apiv2][query] GET https://cloudfunctions.googleapis.com/v1/operations/cHJvamVjdHMvc3Bhcmstc2NhbGUtd2Vic2l0ZS9sb2NhdGlvbnMvdXMtY2VudHJhbDEvb3BlcmF0aW9ucy9vcGVyYXRpb24tMTc1NDczODE4MTExOS02M2JlY2QxZjU5ZjllLTIwOTc5MzQxLThkMDRmZmRi [none]
[debug] [2025-08-09T11:17:01.471Z] <<< [apiv2][status] GET https://cloudfunctions.googleapis.com/v1/operations/cHJvamVjdHMvc3Bhcmstc2NhbGUtd2Vic2l0ZS9sb2NhdGlvbnMvdXMtY2VudHJhbDEvb3BlcmF0aW9ucy9vcGVyYXRpb24tMTc1NDczODE4MTExOS02M2JlY2QxZjU5ZjllLTIwOTc5MzQxLThkMDRmZmRi 200
[debug] [2025-08-09T11:17:01.471Z] <<< [apiv2][body] GET https://cloudfunctions.googleapis.com/v1/operations/cHJvamVjdHMvc3Bhcmstc2NhbGUtd2Vic2l0ZS9sb2NhdGlvbnMvdXMtY2VudHJhbDEvb3BlcmF0aW9ucy9vcGVyYXRpb24tMTc1NDczODE4MTExOS02M2JlY2QxZjU5ZjllLTIwOTc5MzQxLThkMDRmZmRi {"name":"operations/cHJvamVjdHMvc3Bhcmstc2NhbGUtd2Vic2l0ZS9sb2NhdGlvbnMvdXMtY2VudHJhbDEvb3BlcmF0aW9ucy9vcGVyYXRpb24tMTc1NDczODE4MTExOS02M2JlY2QxZjU5ZjllLTIwOTc5MzQxLThkMDRmZmRi","metadata":{"@type":"type.googleapis.com/google.cloud.functions.v1.OperationMetadataV1","target":"projects/spark-scale-website/locations/us-central1/functions/notifyOnNewCustomer","type":"CREATE_FUNCTION","request":{"@type":"type.googleapis.com/google.cloud.functions.v1.CloudFunction","name":"projects/spark-scale-website/locations/us-central1/functions/notifyOnNewCustomer","eventTrigger":{"eventType":"providers/cloud.firestore/eventTypes/document.create","resource":"projects/spark-scale-website/databases/(default)/documents/customers/{customerId}","failurePolicy":{}},"entryPoint":"notifyOnNewCustomer","updateTime":"1970-01-01T00:00:00Z","labels":{"deployment-tool":"cli-firebase","firebase-functions-hash":"05203949d4ec260c08473b3fcbc7555eae21016e"},"sourceUploadUrl":"https://storage.googleapis.com/uploads-897272804952.us-central1.cloudfunctions.appspot.com/789c642a-abd8-407e-8acf-116edf47b0a0.zip?GoogleAccessId=service-748897099472@gcf-admin-robot.iam.gserviceaccount.com&Expires=1754739979&Signature=t7y5bIPmH5buGyYZDE3S%2B3TUHknJvJWlE3gKYJ6bg9jj6eWkEB4gi24NwPUYzWuM%2B6XuEWSHVBxNi%2FtdWCneInyAuzOzgdiqsBDN2eDMXUy2KZG1bnKtgSr0mDDov0mDcnvLkwMKubrdG8w6y5AO%2F6ZU1ZQ0CzIGM4q6dy8Hucv6Xh3fQAZgJHjgr4a20sAmyooN%2BVQyDXbBYMpbnCdsePCSSUDwi8C3zpzgtFYxgh9vcX01yKD%2Bn7ECTWqLxItt9LVAOylpKDmmA4f3NaZt%2BG801NOEzTfbPtWn37AATAnXHHZ7lAzOkwJfZpCFMduFgenzURggmLKKt7qjb5DGGA%3D%3D","environmentVariables":{"FIREBASE_CONFIG":"{\"projectId\":\"spark-scale-website\",\"storageBucket\":\"spark-scale-website.firebasestorage.app\"}","GCLOUD_PROJECT":"spark-scale-website","EVENTARC_CLOUD_EVENT_SOURCE":"projects/spark-scale-website/locations/us-central1/functions/notifyOnNewCustomer"},"runtime":"nodejs18","buildEnvironmentVariables":{"GOOGLE_NODE_RUN_SCRIPTS":""},"dockerRegistry":"ARTIFACT_REGISTRY"},"versionId":"1","updateTime":"2025-08-09T11:16:22.688508325Z","buildId":"63f1a7b3-70db-4227-8f83-c7271a98c111","buildName":"projects/748897099472/locations/us-central1/builds/63f1a7b3-70db-4227-8f83-c7271a98c111"}}
[debug] [2025-08-09T11:17:11.476Z] [create-default-us-central1-notifyOnNewCustomer] Retrying task index 0
[debug] [2025-08-09T11:17:11.477Z] Checked if tokens are valid: true, expires at: 1754741203921
[debug] [2025-08-09T11:17:11.477Z] Checked if tokens are valid: true, expires at: 1754741203921
[debug] [2025-08-09T11:17:11.477Z] >>> [apiv2][query] GET https://cloudfunctions.googleapis.com/v1/operations/cHJvamVjdHMvc3Bhcmstc2NhbGUtd2Vic2l0ZS9sb2NhdGlvbnMvdXMtY2VudHJhbDEvb3BlcmF0aW9ucy9vcGVyYXRpb24tMTc1NDczODE4MTExOS02M2JlY2QxZjU5ZjllLTIwOTc5MzQxLThkMDRmZmRi [none]
[debug] [2025-08-09T11:17:12.291Z] <<< [apiv2][status] GET https://cloudfunctions.googleapis.com/v1/operations/cHJvamVjdHMvc3Bhcmstc2NhbGUtd2Vic2l0ZS9sb2NhdGlvbnMvdXMtY2VudHJhbDEvb3BlcmF0aW9ucy9vcGVyYXRpb24tMTc1NDczODE4MTExOS02M2JlY2QxZjU5ZjllLTIwOTc5MzQxLThkMDRmZmRi 200
[debug] [2025-08-09T11:17:12.292Z] <<< [apiv2][body] GET https://cloudfunctions.googleapis.com/v1/operations/cHJvamVjdHMvc3Bhcmstc2NhbGUtd2Vic2l0ZS9sb2NhdGlvbnMvdXMtY2VudHJhbDEvb3BlcmF0aW9ucy9vcGVyYXRpb24tMTc1NDczODE4MTExOS02M2JlY2QxZjU5ZjllLTIwOTc5MzQxLThkMDRmZmRi {"name":"operations/cHJvamVjdHMvc3Bhcmstc2NhbGUtd2Vic2l0ZS9sb2NhdGlvbnMvdXMtY2VudHJhbDEvb3BlcmF0aW9ucy9vcGVyYXRpb24tMTc1NDczODE4MTExOS02M2JlY2QxZjU5ZjllLTIwOTc5MzQxLThkMDRmZmRi","metadata":{"@type":"type.googleapis.com/google.cloud.functions.v1.OperationMetadataV1","target":"projects/spark-scale-website/locations/us-central1/functions/notifyOnNewCustomer","type":"CREATE_FUNCTION","request":{"@type":"type.googleapis.com/google.cloud.functions.v1.CloudFunction","name":"projects/spark-scale-website/locations/us-central1/functions/notifyOnNewCustomer","eventTrigger":{"eventType":"providers/cloud.firestore/eventTypes/document.create","resource":"projects/spark-scale-website/databases/(default)/documents/customers/{customerId}","failurePolicy":{}},"entryPoint":"notifyOnNewCustomer","updateTime":"1970-01-01T00:00:00Z","labels":{"deployment-tool":"cli-firebase","firebase-functions-hash":"05203949d4ec260c08473b3fcbc7555eae21016e"},"sourceUploadUrl":"https://storage.googleapis.com/uploads-897272804952.us-central1.cloudfunctions.appspot.com/789c642a-abd8-407e-8acf-116edf47b0a0.zip?GoogleAccessId=service-748897099472@gcf-admin-robot.iam.gserviceaccount.com&Expires=1754739979&Signature=t7y5bIPmH5buGyYZDE3S%2B3TUHknJvJWlE3gKYJ6bg9jj6eWkEB4gi24NwPUYzWuM%2B6XuEWSHVBxNi%2FtdWCneInyAuzOzgdiqsBDN2eDMXUy2KZG1bnKtgSr0mDDov0mDcnvLkwMKubrdG8w6y5AO%2F6ZU1ZQ0CzIGM4q6dy8Hucv6Xh3fQAZgJHjgr4a20sAmyooN%2BVQyDXbBYMpbnCdsePCSSUDwi8C3zpzgtFYxgh9vcX01yKD%2Bn7ECTWqLxItt9LVAOylpKDmmA4f3NaZt%2BG801NOEzTfbPtWn37AATAnXHHZ7lAzOkwJfZpCFMduFgenzURggmLKKt7qjb5DGGA%3D%3D","environmentVariables":{"FIREBASE_CONFIG":"{\"projectId\":\"spark-scale-website\",\"storageBucket\":\"spark-scale-website.firebasestorage.app\"}","GCLOUD_PROJECT":"spark-scale-website","EVENTARC_CLOUD_EVENT_SOURCE":"projects/spark-scale-website/locations/us-central1/functions/notifyOnNewCustomer"},"runtime":"nodejs18","buildEnvironmentVariables":{"GOOGLE_NODE_RUN_SCRIPTS":""},"dockerRegistry":"ARTIFACT_REGISTRY"},"versionId":"1","updateTime":"2025-08-09T11:16:22.688508325Z","buildId":"63f1a7b3-70db-4227-8f83-c7271a98c111","buildName":"projects/748897099472/locations/us-central1/builds/63f1a7b3-70db-4227-8f83-c7271a98c111"}}
[debug] [2025-08-09T11:17:22.307Z] [create-default-us-central1-notifyOnNewCustomer] Retrying task index 0
[debug] [2025-08-09T11:17:22.307Z] Checked if tokens are valid: true, expires at: 1754741203921
[debug] [2025-08-09T11:17:22.307Z] Checked if tokens are valid: true, expires at: 1754741203921
[debug] [2025-08-09T11:17:22.307Z] >>> [apiv2][query] GET https://cloudfunctions.googleapis.com/v1/operations/cHJvamVjdHMvc3Bhcmstc2NhbGUtd2Vic2l0ZS9sb2NhdGlvbnMvdXMtY2VudHJhbDEvb3BlcmF0aW9ucy9vcGVyYXRpb24tMTc1NDczODE4MTExOS02M2JlY2QxZjU5ZjllLTIwOTc5MzQxLThkMDRmZmRi [none]
[debug] [2025-08-09T11:17:22.921Z] <<< [apiv2][status] GET https://cloudfunctions.googleapis.com/v1/operations/cHJvamVjdHMvc3Bhcmstc2NhbGUtd2Vic2l0ZS9sb2NhdGlvbnMvdXMtY2VudHJhbDEvb3BlcmF0aW9ucy9vcGVyYXRpb24tMTc1NDczODE4MTExOS02M2JlY2QxZjU5ZjllLTIwOTc5MzQxLThkMDRmZmRi 200
[debug] [2025-08-09T11:17:22.922Z] <<< [apiv2][body] GET https://cloudfunctions.googleapis.com/v1/operations/cHJvamVjdHMvc3Bhcmstc2NhbGUtd2Vic2l0ZS9sb2NhdGlvbnMvdXMtY2VudHJhbDEvb3BlcmF0aW9ucy9vcGVyYXRpb24tMTc1NDczODE4MTExOS02M2JlY2QxZjU5ZjllLTIwOTc5MzQxLThkMDRmZmRi {"name":"operations/cHJvamVjdHMvc3Bhcmstc2NhbGUtd2Vic2l0ZS9sb2NhdGlvbnMvdXMtY2VudHJhbDEvb3BlcmF0aW9ucy9vcGVyYXRpb24tMTc1NDczODE4MTExOS02M2JlY2QxZjU5ZjllLTIwOTc5MzQxLThkMDRmZmRi","metadata":{"@type":"type.googleapis.com/google.cloud.functions.v1.OperationMetadataV1","target":"projects/spark-scale-website/locations/us-central1/functions/notifyOnNewCustomer","type":"CREATE_FUNCTION","request":{"@type":"type.googleapis.com/google.cloud.functions.v1.CloudFunction","name":"projects/spark-scale-website/locations/us-central1/functions/notifyOnNewCustomer","eventTrigger":{"eventType":"providers/cloud.firestore/eventTypes/document.create","resource":"projects/spark-scale-website/databases/(default)/documents/customers/{customerId}","failurePolicy":{}},"entryPoint":"notifyOnNewCustomer","updateTime":"1970-01-01T00:00:00Z","labels":{"deployment-tool":"cli-firebase","firebase-functions-hash":"05203949d4ec260c08473b3fcbc7555eae21016e"},"sourceUploadUrl":"https://storage.googleapis.com/uploads-897272804952.us-central1.cloudfunctions.appspot.com/789c642a-abd8-407e-8acf-116edf47b0a0.zip?GoogleAccessId=service-748897099472@gcf-admin-robot.iam.gserviceaccount.com&Expires=1754739979&Signature=t7y5bIPmH5buGyYZDE3S%2B3TUHknJvJWlE3gKYJ6bg9jj6eWkEB4gi24NwPUYzWuM%2B6XuEWSHVBxNi%2FtdWCneInyAuzOzgdiqsBDN2eDMXUy2KZG1bnKtgSr0mDDov0mDcnvLkwMKubrdG8w6y5AO%2F6ZU1ZQ0CzIGM4q6dy8Hucv6Xh3fQAZgJHjgr4a20sAmyooN%2BVQyDXbBYMpbnCdsePCSSUDwi8C3zpzgtFYxgh9vcX01yKD%2Bn7ECTWqLxItt9LVAOylpKDmmA4f3NaZt%2BG801NOEzTfbPtWn37AATAnXHHZ7lAzOkwJfZpCFMduFgenzURggmLKKt7qjb5DGGA%3D%3D","environmentVariables":{"FIREBASE_CONFIG":"{\"projectId\":\"spark-scale-website\",\"storageBucket\":\"spark-scale-website.firebasestorage.app\"}","GCLOUD_PROJECT":"spark-scale-website","EVENTARC_CLOUD_EVENT_SOURCE":"projects/spark-scale-website/locations/us-central1/functions/notifyOnNewCustomer"},"runtime":"nodejs18","buildEnvironmentVariables":{"GOOGLE_NODE_RUN_SCRIPTS":""},"dockerRegistry":"ARTIFACT_REGISTRY"},"versionId":"1","updateTime":"2025-08-09T11:16:22.688508325Z","buildId":"63f1a7b3-70db-4227-8f83-c7271a98c111","buildName":"projects/748897099472/locations/us-central1/builds/63f1a7b3-70db-4227-8f83-c7271a98c111"}}
